\BOOKMARK [0][-]{chapter*.1}{\376\377\136\217\212\326}{}% 1
\BOOKMARK [1][-]{section*.2}{\376\377\147\054\172\340\060\156\151\202\211\201}{chapter*.1}% 2
\BOOKMARK [1][-]{section*.3}{\376\377\170\024\172\166\200\314\146\157}{chapter*.1}% 3
\BOOKMARK [1][-]{section*.4}{\376\377\125\117\230\114\143\320\215\167}{chapter*.1}% 4
\BOOKMARK [1][-]{section*.5}{\376\377\170\024\172\166\166\356\166\204\060\150\133\376\214\141\173\304\126\362}{chapter*.1}% 5
\BOOKMARK [1][-]{section*.6}{\376\377\170\024\172\166\212\262\230\114}{chapter*.1}% 6
\BOOKMARK [1][-]{section*.10}{\376\377\145\271\154\325\212\326}{chapter*.1}% 7
\BOOKMARK [1][-]{section*.11}{\376\377\147\054\170\024\172\166\060\156\214\242\163\056}{chapter*.1}% 8
\BOOKMARK [1][-]{section*.15}{\376\377\147\054\212\326\145\207\060\156\151\313\142\020}{chapter*.1}% 9
\BOOKMARK [0][-]{chapter*.16}{\376\377\225\242\220\043\170\024\172\166}{}% 10
\BOOKMARK [1][-]{section*.17}{\376\377\147\054\172\340\060\156\151\202\211\201}{chapter*.16}% 11
\BOOKMARK [1][-]{section*.18}{\376\377\000V\000L\000A\000\040\060\150\000\040\000P\000h\000y\000s\000i\000c\000a\000l\000\040\000A\000I}{chapter*.16}% 12
\BOOKMARK [1][-]{section*.19}{\376\377\225\167\147\037\060\277\060\271\060\257\060\373\134\145\153\164\060\373\212\030\141\266\060\222\142\161\060\106\170\024\172\166}{chapter*.16}% 13
\BOOKMARK [1][-]{section*.20}{\376\377\000V\000L\000M\000\040\060\153\060\210\060\213\060\355\060\334\060\303\060\310\144\315\117\134\145\057\143\364}{chapter*.16}% 14
\BOOKMARK [1][-]{section*.21}{\376\377\000A\000c\000t\000i\000v\000e\000\040\000P\000e\000r\000c\000e\000p\000t\000i\000o\000n\000\040\060\150\217\375\122\240\211\263\156\054}{chapter*.16}% 15
\BOOKMARK [1][-]{section*.22}{\376\377\000A\000s\000k\000-\000u\000s\000e\000r\000\040\060\150\000\040\000H\000u\000m\000a\000n\000-\000R\000o\000b\000o\000t\000\040\000I\000n\000t\000e\000r\000a\000c\000t\000i\000o\000n}{chapter*.16}% 16
\BOOKMARK [1][-]{section*.23}{\376\377\131\061\145\127\151\034\121\372\060\373\133\237\210\114\166\343\211\226\060\373\220\116\172\013\164\006\211\343}{chapter*.16}% 17
\BOOKMARK [1][-]{section*.24}{\376\377\116\015\170\272\133\237\140\047\116\013\060\156\212\010\165\073\060\150\000\040\000W\000o\000r\000l\000d\000\040\000M\000o\000d\000e\000l}{chapter*.16}% 18
\BOOKMARK [1][-]{section*.25}{\376\377\147\054\170\024\172\166\060\156\117\115\177\156\060\145\060\121}{chapter*.16}% 19
\BOOKMARK [0][-]{chapter*.26}{\376\377\143\320\150\110\142\113\154\325}{}% 20
\BOOKMARK [1][-]{section*.27}{\376\377\147\054\172\340\060\156\151\202\211\201}{chapter*.26}% 21
\BOOKMARK [1][-]{section*.28}{\376\377\142\113\154\325\060\156\121\150\117\123\120\317}{chapter*.26}% 22
\BOOKMARK [1][-]{section*.29}{\376\377\125\117\230\114\133\232\137\017\123\026}{chapter*.26}% 23
\BOOKMARK [1][-]{section*.32}{\376\377\121\145\122\233\060\150\121\372\122\233}{chapter*.26}% 24
\BOOKMARK [1][-]{section*.43}{\376\377\116\015\170\272\133\237\140\047\123\237\126\340\060\156\133\232\177\251}{chapter*.26}% 25
\BOOKMARK [1][-]{section*.44}{\376\377\121\346\164\006\122\006\134\220\060\156\133\232\177\251}{chapter*.26}% 26
\BOOKMARK [1][-]{section*.46}{\376\377\151\313\220\040\123\026\212\072\145\255\060\242\060\353\060\264\060\352\060\272\060\340}{chapter*.26}% 27
\BOOKMARK [1][-]{section*.52}{\376\377\133\237\210\305\116\012\060\156\135\345\131\053}{chapter*.26}% 28
\BOOKMARK [0][-]{chapter*.53}{\376\377\060\307\060\374\060\277\060\150\133\237\232\023\212\055\212\010}{}% 29
\BOOKMARK [1][-]{section*.54}{\376\377\147\054\172\340\060\156\151\202\211\201}{chapter*.53}% 30
\BOOKMARK [1][-]{section*.55}{\376\377\060\307\060\374\060\277\060\273\060\303\060\310}{chapter*.53}% 31
\BOOKMARK [1][-]{section*.57}{\376\377\212\125\117\241\143\007\152\031}{chapter*.53}% 32
\BOOKMARK [1][-]{section*.58}{\376\377\060\331\060\374\060\271\060\351\060\244\060\363\142\113\154\325}{chapter*.53}% 33
\BOOKMARK [1][-]{section*.60}{\376\377\133\237\232\023\212\055\133\232}{chapter*.53}% 34
\BOOKMARK [1][-]{section*.62}{\376\377\133\376\161\147\060\332\060\242\117\213}{chapter*.53}% 35
\BOOKMARK [0][-]{chapter*.64}{\376\377\133\237\232\023\0001}{}% 36
\BOOKMARK [1][-]{section*.65}{\376\377\147\054\172\340\060\156\151\202\211\201}{chapter*.64}% 37
\BOOKMARK [1][-]{section*.66}{\376\377\133\237\232\023\0001\060\156\212\055\133\232}{chapter*.64}% 38
\BOOKMARK [1][-]{section*.67}{\376\377\212\125\117\241\060\156\211\263\160\271}{chapter*.64}% 39
\BOOKMARK [1][-]{section*.68}{\376\377\060\331\060\374\060\271\060\351\060\244\060\363\060\150\060\156\153\324\217\003}{chapter*.64}% 40
\BOOKMARK [1][-]{section*.69}{\376\377\200\003\133\337}{chapter*.64}% 41
\BOOKMARK [0][-]{chapter*.70}{\376\377\133\237\232\023\0002}{}% 42
\BOOKMARK [1][-]{section*.71}{\376\377\147\054\172\340\060\156\151\202\211\201}{chapter*.70}% 43
\BOOKMARK [1][-]{section*.72}{\376\377\133\237\232\023\0002\060\156\212\055\133\232}{chapter*.70}% 44
\BOOKMARK [1][-]{section*.73}{\376\377\212\125\117\241\060\156\211\263\160\271}{chapter*.70}% 45
\BOOKMARK [1][-]{section*.74}{\376\377\133\237\232\023\0003\377\032\133\237\152\137\122\006\134\220\060\307\060\342}{chapter*.70}% 46
\BOOKMARK [1][-]{section*.76}{\376\377\200\003\133\337}{chapter*.70}% 47
\BOOKMARK [0][-]{chapter*.77}{\376\377\200\003\133\337}{}% 48
\BOOKMARK [1][-]{section*.78}{\376\377\147\054\172\340\060\156\151\202\211\201}{chapter*.77}% 49
\BOOKMARK [1][-]{section*.79}{\376\377\175\120\147\234\060\156\211\343\221\310}{chapter*.77}% 50
\BOOKMARK [1][-]{section*.80}{\376\377\142\113\154\325\060\156\226\120\165\114}{chapter*.77}% 51
\BOOKMARK [1][-]{section*.81}{\376\377\116\312\137\214\060\156\145\271\124\021\140\047}{chapter*.77}% 52
\BOOKMARK [0][-]{chapter*.82}{\376\377\175\120\212\326}{}% 53
\BOOKMARK [1][-]{section*.83}{\376\377\147\054\170\024\172\166\060\156\060\176\060\150\060\201}{chapter*.82}% 54
\BOOKMARK [1][-]{section*.84}{\376\377\116\312\137\214\060\156\212\262\230\114}{chapter*.82}% 55
\BOOKMARK [0][-]{chapter*.85}{\376\377\116\330\223\062}{}% 56
\BOOKMARK [1][-]{section*.86}{\376\377\210\334\215\263\214\307\145\231}{chapter*.85}% 57
\BOOKMARK [0][-]{appendix*.87}{\376\377\123\302\200\003\145\207\163\056}{}% 58
