[Mon Jun 29 19:07:11 2026] install: ctablestack
[Mon Jun 29 19:07:11 2026] install: luatexbase
[Mon Jun 29 19:07:11 2026] install: luatexja
[Mon Jun 29 19:07:11 2026] command: mktexlsr
[Mon Jun 29 19:07:59 2026] install: adjustbox
[Mon Jun 29 19:07:59 2026] install: caption
[Mon Jun 29 19:07:59 2026] install: cite
[Mon Jun 29 19:07:59 2026] install: collectbox
[Mon Jun 29 19:07:59 2026] install: enumitem
[Mon Jun 29 19:08:02 2026] install: haranoaji
[Mon Jun 29 19:08:02 2026] install: multirow
[Mon Jun 29 19:08:02 2026] install: titlesec
[Mon Jun 29 19:08:03 2026] install: tocloft
[Mon Jun 29 19:08:03 2026] command: mktexlsr
[Mon Jun 29 19:08:28 2026] install: 2up
[Mon Jun 29 19:08:28 2026] install: a0poster
[Mon Jun 29 19:08:28 2026] install: a4wide
[Mon Jun 29 19:08:28 2026] install: a5comb
[Mon Jun 29 19:08:28 2026] install: abraces
[Mon Jun 29 19:08:28 2026] install: abspos
[Mon Jun 29 19:08:28 2026] install: abstract
[Mon Jun 29 19:08:28 2026] install: academicons
[Mon Jun 29 19:08:28 2026] install: accessibility
[Mon Jun 29 19:08:28 2026] install: accsupp
[Mon Jun 29 19:08:28 2026] install: achemso
[Mon Jun 29 19:08:28 2026] install: acro
[Mon Jun 29 19:08:28 2026] install: acronym
[Mon Jun 29 19:08:28 2026] install: acroterm
[Mon Jun 29 19:08:29 2026] install: actuarialangle
[Mon Jun 29 19:08:29 2026] install: actuarialsymbol
[Mon Jun 29 19:08:29 2026] install: addfont
[Mon Jun 29 19:08:29 2026] install: addlines
[Mon Jun 29 19:08:29 2026] install: adigraph
[Mon Jun 29 19:08:29 2026] install: adjmulticol
[Mon Jun 29 19:08:29 2026] install: adrconv
[Mon Jun 29 19:08:29 2026] install: advdate
[Mon Jun 29 19:08:29 2026] install: ae
[Mon Jun 29 19:08:29 2026] install: affilauthor
[Mon Jun 29 19:08:29 2026] install: afperpack
[Mon Jun 29 19:08:29 2026] install: aidisclose
[Mon Jun 29 19:08:29 2026] install: akktex
[Mon Jun 29 19:08:29 2026] install: akletter
[Mon Jun 29 19:08:29 2026] install: alchemist
[Mon Jun 29 19:08:29 2026] install: alertmessage
[Mon Jun 29 19:08:29 2026] install: aliascnt
[Mon Jun 29 19:08:29 2026] install: alnumsec
[Mon Jun 29 19:08:29 2026] install: alphalph
[Mon Jun 29 19:08:29 2026] install: alterqcm
[Mon Jun 29 19:08:29 2026] install: altfont
[Mon Jun 29 19:08:30 2026] install: altsubsup
[Mon Jun 29 19:08:30 2026] install: amsaddr
[Mon Jun 29 19:08:30 2026] install: anima
[Mon Jun 29 19:08:30 2026] install: animate
[Mon Jun 29 19:08:30 2026] install: anonchap
[Mon Jun 29 19:08:30 2026] install: answers
[Mon Jun 29 19:08:30 2026] install: anyfontsize
[Mon Jun 29 19:08:30 2026] install: anysize
[Mon Jun 29 19:08:30 2026] install: aobs-tikz
[Mon Jun 29 19:08:30 2026] install: appendix
[Mon Jun 29 19:08:30 2026] install: appendixnumberbeamer
[Mon Jun 29 19:08:30 2026] install: apptools
[Mon Jun 29 19:08:30 2026] install: arabicfront
[Mon Jun 29 19:08:30 2026] install: arcs
[Mon Jun 29 19:08:30 2026] install: argumentation
[Mon Jun 29 19:08:30 2026] install: arraycols
[Mon Jun 29 19:08:31 2026] install: arrayjobx
[Mon Jun 29 19:08:31 2026] install: arraysort
[Mon Jun 29 19:08:31 2026] install: arydshln
[Mon Jun 29 19:08:31 2026] install: asciilist
[Mon Jun 29 19:08:31 2026] install: askinclude
[Mon Jun 29 19:08:31 2026] install: askmaps
[Mon Jun 29 19:08:31 2026] install: assignment
[Mon Jun 29 19:08:31 2026] install: assoccnt
[Mon Jun 29 19:08:31 2026] install: association-matrix
[Mon Jun 29 19:08:31 2026] install: asyfig
[Mon Jun 29 19:08:31 2026] install: asypictureb
[Mon Jun 29 19:08:31 2026] install: atenddvi
[Mon Jun 29 19:08:31 2026] install: atendofenv
[Mon Jun 29 19:08:31 2026] install: attachfile
[Mon Jun 29 19:08:32 2026] install: attachfile2.universal-darwin
[Mon Jun 29 19:08:32 2026] install: attachfile2
[Mon Jun 29 19:08:32 2026] install: aurl
[Mon Jun 29 19:08:32 2026] install: authoraftertitle
[Mon Jun 29 19:08:32 2026] install: authorarchive
[Mon Jun 29 19:08:32 2026] install: authorindex.universal-darwin
[Mon Jun 29 19:08:32 2026] install: authorindex
[Mon Jun 29 19:08:33 2026] install: autoaffil
[Mon Jun 29 19:08:33 2026] install: autoarea
[Mon Jun 29 19:08:33 2026] install: autofancyhdr
[Mon Jun 29 19:08:33 2026] install: autonum
[Mon Jun 29 19:08:33 2026] install: autopdf
[Mon Jun 29 19:08:33 2026] install: autopuncitems
[Mon Jun 29 19:08:33 2026] install: avremu
[Mon Jun 29 19:08:33 2026] install: awesomebox
[Mon Jun 29 19:08:33 2026] install: axessibility
[Mon Jun 29 19:08:33 2026] install: babel-english
[Mon Jun 29 19:08:33 2026] install: babelbib
[Mon Jun 29 19:08:33 2026] install: background
[Mon Jun 29 19:08:33 2026] install: bankstatement
[Mon Jun 29 19:08:33 2026] install: bardiag
[Mon Jun 29 19:08:34 2026] install: bashful
[Mon Jun 29 19:08:34 2026] install: basicarith
[Mon Jun 29 19:08:34 2026] install: bchart
[Mon Jun 29 19:08:34 2026] install: beamer
[Mon Jun 29 19:08:34 2026] install: beamer-reveal
[Mon Jun 29 19:08:34 2026] install: beamer-rl
[Mon Jun 29 19:08:34 2026] install: beamer-theme-albi
[Mon Jun 29 19:08:34 2026] install: beamer-varbox
[Mon Jun 29 19:08:34 2026] install: beamer2thesis
[Mon Jun 29 19:08:34 2026] install: beamerappendixnote
[Mon Jun 29 19:08:34 2026] install: beameraudience
[Mon Jun 29 19:08:34 2026] install: beamerauxtheme
[Mon Jun 29 19:08:34 2026] install: beamercolorthemeowl
[Mon Jun 29 19:08:34 2026] install: beamerdarkthemes
[Mon Jun 29 19:08:34 2026] install: beamerposter
[Mon Jun 29 19:08:34 2026] install: beamersubframe
[Mon Jun 29 19:08:34 2026] install: beamerswitch
[Mon Jun 29 19:08:34 2026] install: beamertheme-arguelles
[Mon Jun 29 19:08:35 2026] install: beamertheme-bilkent-econ
[Mon Jun 29 19:08:35 2026] install: beamertheme-cleaneasy
[Mon Jun 29 19:08:35 2026] install: beamertheme-csh
[Mon Jun 29 19:08:35 2026] install: beamertheme-cuerna
[Mon Jun 29 19:08:35 2026] install: beamertheme-detlevcm
[Mon Jun 29 19:08:35 2026] install: beamertheme-durham
[Mon Jun 29 19:08:35 2026] install: beamertheme-epyt
[Mon Jun 29 19:08:35 2026] install: beamertheme-focus
[Mon Jun 29 19:08:35 2026] install: beamertheme-geode
[Mon Jun 29 19:08:35 2026] install: beamertheme-gotham
[Mon Jun 29 19:08:35 2026] install: beamertheme-light
[Mon Jun 29 19:08:35 2026] install: beamertheme-metropolis
[Mon Jun 29 19:08:35 2026] install: beamertheme-mirage
[Mon Jun 29 19:08:35 2026] install: beamertheme-npbt
[Mon Jun 29 19:08:35 2026] install: beamertheme-phnompenh
[Mon Jun 29 19:08:35 2026] install: beamertheme-pure-minimalistic
[Mon Jun 29 19:08:35 2026] install: beamertheme-rainbow
[Mon Jun 29 19:08:35 2026] install: beamertheme-saintpetersburg
[Mon Jun 29 19:08:36 2026] install: beamertheme-simpledarkblue
[Mon Jun 29 19:08:36 2026] install: beamertheme-simpleplus
[Mon Jun 29 19:08:36 2026] install: beamertheme-spectrum
[Mon Jun 29 19:08:36 2026] install: beamertheme-tcolorbox
[Mon Jun 29 19:08:36 2026] install: beamertheme-trigon
[Mon Jun 29 19:08:36 2026] install: beamertheme-upenn-bc
[Mon Jun 29 19:08:36 2026] install: beamertheme-westlake
[Mon Jun 29 19:08:36 2026] install: beamerthemeamurmaple
[Mon Jun 29 19:08:36 2026] install: beamerthemecelestia
[Mon Jun 29 19:08:36 2026] install: beamerthemeconcrete
[Mon Jun 29 19:08:36 2026] install: beamerthemejltree
[Mon Jun 29 19:08:36 2026] install: beamerthemelalic
[Mon Jun 29 19:08:36 2026] install: beamerthemenirma
[Mon Jun 29 19:08:36 2026] install: beamerthemenord
[Mon Jun 29 19:08:36 2026] install: beamertools
[Mon Jun 29 19:08:37 2026] install: bearwear
[Mon Jun 29 19:08:37 2026] install: beaulivre
[Mon Jun 29 19:08:37 2026] install: beautybook
[Mon Jun 29 19:08:37 2026] install: beautynote
[Mon Jun 29 19:08:37 2026] install: beton
[Mon Jun 29 19:08:37 2026] install: bewerbung
[Mon Jun 29 19:08:37 2026] install: bez123
[Mon Jun 29 19:08:37 2026] install: bhcexam
[Mon Jun 29 19:08:37 2026] install: biblatex
[Mon Jun 29 19:08:37 2026] install: bibletext
[Mon Jun 29 19:08:37 2026] install: bigfoot
[Mon Jun 29 19:08:37 2026] install: bigints
[Mon Jun 29 19:08:37 2026] install: bilingualpages
[Mon Jun 29 19:08:37 2026] install: binarytree
[Mon Jun 29 19:08:37 2026] install: biochemistry-colors
[Mon Jun 29 19:08:37 2026] install: bithesis
[Mon Jun 29 19:08:37 2026] install: bizcard
[Mon Jun 29 19:08:37 2026] install: blindtext
[Mon Jun 29 19:08:37 2026] install: blkarray
[Mon Jun 29 19:08:37 2026] install: blochsphere
[Mon Jun 29 19:08:38 2026] install: block
[Mon Jun 29 19:08:38 2026] install: bloques
[Mon Jun 29 19:08:38 2026] install: blowup
[Mon Jun 29 19:08:38 2026] install: blox
[Mon Jun 29 19:08:38 2026] install: bnumexpr
[Mon Jun 29 19:08:38 2026] install: bodegraph
[Mon Jun 29 19:08:38 2026] install: boites
[Mon Jun 29 19:08:38 2026] install: bold-extra
[Mon Jun 29 19:08:38 2026] install: bondgraph
[Mon Jun 29 19:08:38 2026] install: bondgraphs
[Mon Jun 29 19:08:38 2026] install: book-of-common-prayer
[Mon Jun 29 19:08:38 2026] install: bookcover
[Mon Jun 29 19:08:38 2026] install: bookest
[Mon Jun 29 19:08:38 2026] install: booklet
[Mon Jun 29 19:08:39 2026] install: bookshelf.universal-darwin
[Mon Jun 29 19:08:39 2026] install: bookshelf
[Mon Jun 29 19:08:39 2026] install: booktabstabular
[Mon Jun 29 19:08:39 2026] install: boolexpr
[Mon Jun 29 19:08:39 2026] install: bootstrapicons
[Mon Jun 29 19:08:40 2026] install: bophook
[Mon Jun 29 19:08:40 2026] install: boustrophedon
[Mon Jun 29 19:08:40 2026] install: boxedminipage
[Mon Jun 29 19:08:41 2026] install: boxhandler
[Mon Jun 29 19:08:41 2026] install: bracketkey
[Mon Jun 29 19:08:41 2026] install: braids
[Mon Jun 29 19:08:42 2026] install: braket
[Mon Jun 29 19:08:42 2026] install: breakurl
[Mon Jun 29 19:08:42 2026] install: breqn
[Mon Jun 29 19:08:42 2026] install: bubblesort
[Mon Jun 29 19:08:43 2026] install: bullcntr
[Mon Jun 29 19:08:43 2026] install: bxcalc
[Mon Jun 29 19:08:44 2026] install: bxdpx-beamer
[Mon Jun 29 19:08:44 2026] install: bxdvidriver
[Mon Jun 29 19:08:44 2026] install: bxeepic
[Mon Jun 29 19:08:45 2026] install: bxenclose
[Mon Jun 29 19:09:40 2026] install: setspace
[Mon Jun 29 19:09:40 2026] command: mktexlsr
